Build started 4/2/2015 1:01:51 PM.
     1>Project "C:\openvibe-0.18.0-src\openvibe-0.18.0-src\local-tmp\visual\applications\examples\vrpn-to-openvibe\openvibe-examples-vrpn-to-openvibe.vcxproj" on node 2 (build target(s)).
     1>InitializeBuildStatus:
         Touching "openvibe-examples-vrpn-to-openvibe.dir\Debug\openvibe-examples-vrpn-to-openvibe.unsuccessfulbuild".
       CustomBuild:
         Building Custom Rule C:/openvibe-0.18.0-src/openvibe-0.18.0-src/applications/examples/vrpn-to-openvibe/CMakeLists.txt
         CMake does not need to re-run because C:\openvibe-0.18.0-src\openvibe-0.18.0-src\local-tmp\visual\applications\examples\vrpn-to-openvibe\CMakeFiles\generate.stamp is up-to-date.
       ClCompile:
         C:\Program Files (x86)\Microsoft Visual Studio 10.0\VC\bin\CL.exe /c /I"C:/openvibe-0.18.0-src/openvibe-0.18.0-src/applications/examples/vrpn-to-openvibe/include" /I"C:/openvibe-0.18.0-src/openvibe-0.18.0-src/dependencies/vrpn/include" /Zi /nologo /W3 /WX- /Od /Ob0 /Oy- /D WIN32 /D _WINDOWS /D _DEBUG /D NOMINMAX /D BOOST_ALL_NO_LIB /D "OV_CMAKE_PATH_ROOT=\"C:/openvibe-0.18.0-src/openvibe-0.18.0-src/dist\"" /D "OV_CMAKE_PATH_BIN=\"C:/openvibe-0.18.0-src/openvibe-0.18.0-src/dist/bin\"" /D "OV_CMAKE_PATH_DATA=\"C:/openvibe-0.18.0-src/openvibe-0.18.0-src/dist/share/openvibe\"" /D "OV_CMAKE_PATH_LIB=\"C:/openvibe-0.18.0-src/openvibe-0.18.0-src/dist/lib\"" /D TARGET_HAS_ThirdPartyVRPN /D _CRT_SECURE_NO_DEPRECATE /D TARGET_OS_Windows /D TARGET_ARCHITECTURE_i386 /D TARGET_COMPILER_VisualStudio /D TARGET_BUILDTYPE_Debug /D "CMAKE_INTDIR=\"Debug\"" /D _MBCS /Gm- /EHsc /RTC1 /MDd /GS /fp:precise /Zc:wchar_t /Zc:forScope /GR /Fo"openvibe-examples-vrpn-to-openvibe.dir\Debug\\" /Fd"C:/openvibe-0.18.0-src/openvibe-0.18.0-src/local-tmp/visual/applications/examples/vrpn-to-openvibe/Debug/openvibe-examples-vrpn-to-openvibe.pdb" /Gd /TP /wd4355 /analyze- /errorReport:prompt "C:\openvibe-0.18.0-src\openvibe-0.18.0-src\applications\examples\vrpn-to-openvibe\src\GenericVRPNServer.cpp" "C:\openvibe-0.18.0-src\openvibe-0.18.0-src\applications\examples\vrpn-to-openvibe\src\linux-vrpn_main.cpp" "C:\openvibe-0.18.0-src\openvibe-0.18.0-src\applications\examples\vrpn-to-openvibe\src\win32-vrpn_main.cpp"  /Zm1000 
         GenericVRPNServer.cpp
         linux-vrpn_main.cpp
         win32-vrpn_main.cpp
         Generating Code...
       ManifestResourceCompile:
         C:\Program Files (x86)\Microsoft SDKs\Windows\v7.0A\bin\rc.exe /nologo /fo"openvibe-examples-vrpn-to-openvibe.dir\Debug\Server.exe.embed.manifest.res" openvibe-examples-vrpn-to-openvibe.dir\Debug\Server_manifest.rc 
       Link:
         C:\Program Files (x86)\Microsoft Visual Studio 10.0\VC\bin\link.exe /ERRORREPORT:PROMPT /OUT:"C:\openvibe-0.18.0-src\openvibe-0.18.0-src\local-tmp\visual\applications\examples\vrpn-to-openvibe\Debug\Server.exe" /INCREMENTAL /NOLOGO kernel32.lib user32.lib gdi32.lib winspool.lib shell32.lib ole32.lib oleaut32.lib uuid.lib comdlg32.lib advapi32.lib ..\..\..\..\..\dependencies\vrpn\lib\vrpnd.lib ..\..\..\..\..\dependencies\vrpn\lib\quatd.lib /MANIFEST /ManifestFile:"openvibe-examples-vrpn-to-openvibe.dir\Debug\Server.exe.intermediate.manifest" /MANIFESTUAC:"level='asInvoker' uiAccess='false'" /DEBUG /PDB:"C:\openvibe-0.18.0-src\openvibe-0.18.0-src\local-tmp\visual\applications\examples\vrpn-to-openvibe\Debug\Server.pdb" /SUBSYSTEM:CONSOLE /STACK:"10000000" /TLBID:1 /DYNAMICBASE /NXCOMPAT /IMPLIB:"C:/openvibe-0.18.0-src/openvibe-0.18.0-src/local-tmp/visual/applications/examples/vrpn-to-openvibe/Debug/openvibe-examples-vrpn-to-openvibe.lib" /MACHINE:X86 "openvibe-examples-vrpn-to-openvibe.dir\Debug\Server.exe.embed.manifest.res"
         "openvibe-examples-vrpn-to-openvibe.dir\Debug\GenericVRPNServer.obj"
         "openvibe-examples-vrpn-to-openvibe.dir\Debug\linux-vrpn_main.obj"
         "openvibe-examples-vrpn-to-openvibe.dir\Debug\win32-vrpn_main.obj"  /machine:X86 /debug 
     1>vrpnd.lib(vrpn_Analog.obj) : warning LNK4099: PDB 'vc100.pdb' was not found with 'vrpnd.lib(vrpn_Analog.obj)' or at 'C:\openvibe-0.18.0-src\openvibe-0.18.0-src\local-tmp\visual\applications\examples\vrpn-to-openvibe\Debug\vc100.pdb'; linking object as if no debug info
     1>vrpnd.lib(vrpn_BaseClass.obj) : warning LNK4099: PDB 'vc100.pdb' was not found with 'vrpnd.lib(vrpn_BaseClass.obj)' or at 'C:\openvibe-0.18.0-src\openvibe-0.18.0-src\local-tmp\visual\applications\examples\vrpn-to-openvibe\Debug\vc100.pdb'; linking object as if no debug info
     1>vrpnd.lib(vrpn_Button.obj) : warning LNK4099: PDB 'vc100.pdb' was not found with 'vrpnd.lib(vrpn_Button.obj)' or at 'C:\openvibe-0.18.0-src\openvibe-0.18.0-src\local-tmp\visual\applications\examples\vrpn-to-openvibe\Debug\vc100.pdb'; linking object as if no debug info
     1>vrpnd.lib(vrpn_Connection.obj) : warning LNK4099: PDB 'vc100.pdb' was not found with 'vrpnd.lib(vrpn_Connection.obj)' or at 'C:\openvibe-0.18.0-src\openvibe-0.18.0-src\local-tmp\visual\applications\examples\vrpn-to-openvibe\Debug\vc100.pdb'; linking object as if no debug info
     1>vrpnd.lib(vrpn_FileConnection.obj) : warning LNK4099: PDB 'vc100.pdb' was not found with 'vrpnd.lib(vrpn_FileConnection.obj)' or at 'C:\openvibe-0.18.0-src\openvibe-0.18.0-src\local-tmp\visual\applications\examples\vrpn-to-openvibe\Debug\vc100.pdb'; linking object as if no debug info
     1>vrpnd.lib(vrpn_Serial.obj) : warning LNK4099: PDB 'vc100.pdb' was not found with 'vrpnd.lib(vrpn_Serial.obj)' or at 'C:\openvibe-0.18.0-src\openvibe-0.18.0-src\local-tmp\visual\applications\examples\vrpn-to-openvibe\Debug\vc100.pdb'; linking object as if no debug info
     1>vrpnd.lib(vrpn_Shared.obj) : warning LNK4099: PDB 'vc100.pdb' was not found with 'vrpnd.lib(vrpn_Shared.obj)' or at 'C:\openvibe-0.18.0-src\openvibe-0.18.0-src\local-tmp\visual\applications\examples\vrpn-to-openvibe\Debug\vc100.pdb'; linking object as if no debug info
       Manifest:
         C:\Program Files (x86)\Microsoft SDKs\Windows\v7.0A\bin\mt.exe /nologo /verbose /out:"openvibe-examples-vrpn-to-openvibe.dir\Debug\Server.exe.embed.manifest" /manifest "openvibe-examples-vrpn-to-openvibe.dir\Debug\Server.exe.intermediate.manifest"
         C:\Program Files (x86)\Microsoft SDKs\Windows\v7.0A\bin\rc.exe /nologo /fo"openvibe-examples-vrpn-to-openvibe.dir\Debug\Server.exe.embed.manifest.res" openvibe-examples-vrpn-to-openvibe.dir\Debug\Server_manifest.rc 
       LinkEmbedManifest:
         C:\Program Files (x86)\Microsoft Visual Studio 10.0\VC\bin\link.exe /ERRORREPORT:PROMPT /OUT:"C:\openvibe-0.18.0-src\openvibe-0.18.0-src\local-tmp\visual\applications\examples\vrpn-to-openvibe\Debug\Server.exe" /INCREMENTAL /NOLOGO kernel32.lib user32.lib gdi32.lib winspool.lib shell32.lib ole32.lib oleaut32.lib uuid.lib comdlg32.lib advapi32.lib ..\..\..\..\..\dependencies\vrpn\lib\vrpnd.lib ..\..\..\..\..\dependencies\vrpn\lib\quatd.lib /MANIFEST /ManifestFile:"openvibe-examples-vrpn-to-openvibe.dir\Debug\Server.exe.intermediate.manifest" /MANIFESTUAC:"level='asInvoker' uiAccess='false'" /DEBUG /PDB:"C:\openvibe-0.18.0-src\openvibe-0.18.0-src\local-tmp\visual\applications\examples\vrpn-to-openvibe\Debug\Server.pdb" /SUBSYSTEM:CONSOLE /STACK:"10000000" /TLBID:1 /DYNAMICBASE /NXCOMPAT /IMPLIB:"C:/openvibe-0.18.0-src/openvibe-0.18.0-src/local-tmp/visual/applications/examples/vrpn-to-openvibe/Debug/openvibe-examples-vrpn-to-openvibe.lib" /MACHINE:X86 "openvibe-examples-vrpn-to-openvibe.dir\Debug\Server.exe.embed.manifest.res"
         "openvibe-examples-vrpn-to-openvibe.dir\Debug\GenericVRPNServer.obj"
         "openvibe-examples-vrpn-to-openvibe.dir\Debug\linux-vrpn_main.obj"
         "openvibe-examples-vrpn-to-openvibe.dir\Debug\win32-vrpn_main.obj"  /machine:X86 /debug 
     1>vrpnd.lib(vrpn_Analog.obj) : warning LNK4099: PDB 'vc100.pdb' was not found with 'vrpnd.lib(vrpn_Analog.obj)' or at 'C:\openvibe-0.18.0-src\openvibe-0.18.0-src\local-tmp\visual\applications\examples\vrpn-to-openvibe\Debug\vc100.pdb'; linking object as if no debug info
     1>vrpnd.lib(vrpn_BaseClass.obj) : warning LNK4099: PDB 'vc100.pdb' was not found with 'vrpnd.lib(vrpn_BaseClass.obj)' or at 'C:\openvibe-0.18.0-src\openvibe-0.18.0-src\local-tmp\visual\applications\examples\vrpn-to-openvibe\Debug\vc100.pdb'; linking object as if no debug info
     1>vrpnd.lib(vrpn_Button.obj) : warning LNK4099: PDB 'vc100.pdb' was not found with 'vrpnd.lib(vrpn_Button.obj)' or at 'C:\openvibe-0.18.0-src\openvibe-0.18.0-src\local-tmp\visual\applications\examples\vrpn-to-openvibe\Debug\vc100.pdb'; linking object as if no debug info
     1>vrpnd.lib(vrpn_Connection.obj) : warning LNK4099: PDB 'vc100.pdb' was not found with 'vrpnd.lib(vrpn_Connection.obj)' or at 'C:\openvibe-0.18.0-src\openvibe-0.18.0-src\local-tmp\visual\applications\examples\vrpn-to-openvibe\Debug\vc100.pdb'; linking object as if no debug info
     1>vrpnd.lib(vrpn_FileConnection.obj) : warning LNK4099: PDB 'vc100.pdb' was not found with 'vrpnd.lib(vrpn_FileConnection.obj)' or at 'C:\openvibe-0.18.0-src\openvibe-0.18.0-src\local-tmp\visual\applications\examples\vrpn-to-openvibe\Debug\vc100.pdb'; linking object as if no debug info
     1>vrpnd.lib(vrpn_Serial.obj) : warning LNK4099: PDB 'vc100.pdb' was not found with 'vrpnd.lib(vrpn_Serial.obj)' or at 'C:\openvibe-0.18.0-src\openvibe-0.18.0-src\local-tmp\visual\applications\examples\vrpn-to-openvibe\Debug\vc100.pdb'; linking object as if no debug info
     1>vrpnd.lib(vrpn_Shared.obj) : warning LNK4099: PDB 'vc100.pdb' was not found with 'vrpnd.lib(vrpn_Shared.obj)' or at 'C:\openvibe-0.18.0-src\openvibe-0.18.0-src\local-tmp\visual\applications\examples\vrpn-to-openvibe\Debug\vc100.pdb'; linking object as if no debug info
         openvibe-examples-vrpn-to-openvibe.vcxproj -> C:\openvibe-0.18.0-src\openvibe-0.18.0-src\local-tmp\visual\applications\examples\vrpn-to-openvibe\Debug\Server.exe
       FinalizeBuildStatus:
         Deleting file "openvibe-examples-vrpn-to-openvibe.dir\Debug\openvibe-examples-vrpn-to-openvibe.unsuccessfulbuild".
         Touching "openvibe-examples-vrpn-to-openvibe.dir\Debug\openvibe-examples-vrpn-to-openvibe.lastbuildstate".
     1>Done Building Project "C:\openvibe-0.18.0-src\openvibe-0.18.0-src\local-tmp\visual\applications\examples\vrpn-to-openvibe\openvibe-examples-vrpn-to-openvibe.vcxproj" (build target(s)).

Build succeeded.

Time Elapsed 00:00:07.88
