C:\OPENVIBE-0.18.0-SRC\LOCAL-TMP\VISUAL\APPLICATIONS\EXAMPLES\VRPN-TO-OPENVIBE\CMAKEFILES\GENERATE.STAMP
C:\OPENVIBE-0.18.0-SRC\LOCAL-TMP\VISUAL\APPLICATIONS\EXAMPLES\VRPN-TO-OPENVIBE\DEBUG\OPENVIBE-EXAMPLES-VRPN-TO-OPENVIBE.EXE
C:\OPENVIBE-0.18.0-SRC\LOCAL-TMP\VISUAL\APPLICATIONS\EXAMPLES\VRPN-TO-OPENVIBE\DEBUG\OPENVIBE-EXAMPLES-VRPN-TO-OPENVIBE.ILK
C:\OPENVIBE-0.18.0-SRC\LOCAL-TMP\VISUAL\APPLICATIONS\EXAMPLES\VRPN-TO-OPENVIBE\DEBUG\OPENVIBE-EXAMPLES-VRPN-TO-OPENVIBE.PDB
C:\OPENVIBE-0.18.0-SRC\LOCAL-TMP\VISUAL\APPLICATIONS\EXAMPLES\VRPN-TO-OPENVIBE\OPENVIBE-EXAMPLES-VRPN-TO-OPENVIBE.DIR\DEBUG\GENERICVRPNSERVER.OBJ
C:\OPENVIBE-0.18.0-SRC\LOCAL-TMP\VISUAL\APPLICATIONS\EXAMPLES\VRPN-TO-OPENVIBE\OPENVIBE-EXAMPLES-VRPN-TO-OPENVIBE.DIR\DEBUG\LINUX-VRPN_MAIN.OBJ
C:\OPENVIBE-0.18.0-SRC\LOCAL-TMP\VISUAL\APPLICATIONS\EXAMPLES\VRPN-TO-OPENVIBE\OPENVIBE-EXAMPLES-VRPN-TO-OPENVIBE.DIR\DEBUG\OPENVIBE-EXAMPLES-VRPN-TO-OPENVIBE.EXE.EMBED.MANIFEST
C:\OPENVIBE-0.18.0-SRC\LOCAL-TMP\VISUAL\APPLICATIONS\EXAMPLES\VRPN-TO-OPENVIBE\OPENVIBE-EXAMPLES-VRPN-TO-OPENVIBE.DIR\DEBUG\OPENVIBE-EXAMPLES-VRPN-TO-OPENVIBE.EXE.EMBED.MANIFEST.RES
C:\OPENVIBE-0.18.0-SRC\LOCAL-TMP\VISUAL\APPLICATIONS\EXAMPLES\VRPN-TO-OPENVIBE\OPENVIBE-EXAMPLES-VRPN-TO-OPENVIBE.DIR\DEBUG\OPENVIBE-EXAMPLES-VRPN-TO-OPENVIBE.EXE.INTERMEDIATE.MANIFEST
C:\OPENVIBE-0.18.0-SRC\LOCAL-TMP\VISUAL\APPLICATIONS\EXAMPLES\VRPN-TO-OPENVIBE\OPENVIBE-EXAMPLES-VRPN-TO-OPENVIBE.DIR\DEBUG\WIN32-VRPN_MAIN.OBJ
C:\OPENVIBE-0.18.0-SRC\OPENVIBE-0.18.0-SRC\LOCAL-TMP\VISUAL\APPLICATIONS\EXAMPLES\VRPN-TO-OPENVIBE\CMAKEFILES\GENERATE.STAMP
C:\OPENVIBE-0.18.0-SRC\OPENVIBE-0.18.0-SRC\LOCAL-TMP\VISUAL\APPLICATIONS\EXAMPLES\VRPN-TO-OPENVIBE\DEBUG\OPENVIBE-EXAMPLES-VRPN-TO-OPENVIBE.EXE
C:\OPENVIBE-0.18.0-SRC\OPENVIBE-0.18.0-SRC\LOCAL-TMP\VISUAL\APPLICATIONS\EXAMPLES\VRPN-TO-OPENVIBE\DEBUG\OPENVIBE-EXAMPLES-VRPN-TO-OPENVIBE.ILK
C:\OPENVIBE-0.18.0-SRC\OPENVIBE-0.18.0-SRC\LOCAL-TMP\VISUAL\APPLICATIONS\EXAMPLES\VRPN-TO-OPENVIBE\DEBUG\OPENVIBE-EXAMPLES-VRPN-TO-OPENVIBE.PDB
C:\openvibe-0.18.0-src\openvibe-0.18.0-src\local-tmp\visual\applications\examples\vrpn-to-openvibe\Debug\Server.exe
C:\openvibe-0.18.0-src\openvibe-0.18.0-src\local-tmp\visual\applications\examples\vrpn-to-openvibe\Debug\Server.ilk
C:\openvibe-0.18.0-src\openvibe-0.18.0-src\local-tmp\visual\applications\examples\vrpn-to-openvibe\Debug\Server.pdb
C:\openvibe-0.18.0-src\openvibe-0.18.0-src\local-tmp\visual\applications\examples\vrpn-to-openvibe\openvibe-examples-vrpn-to-openvibe.dir\Debug\cl.command.1.tlog
C:\openvibe-0.18.0-src\openvibe-0.18.0-src\local-tmp\visual\applications\examples\vrpn-to-openvibe\openvibe-examples-vrpn-to-openvibe.dir\Debug\CL.read.1.tlog
C:\openvibe-0.18.0-src\openvibe-0.18.0-src\local-tmp\visual\applications\examples\vrpn-to-openvibe\openvibe-examples-vrpn-to-openvibe.dir\Debug\CL.write.1.tlog
C:\openvibe-0.18.0-src\openvibe-0.18.0-src\local-tmp\visual\applications\examples\vrpn-to-openvibe\openvibe-examples-vrpn-to-openvibe.dir\Debug\custombuild.command.1.tlog
C:\openvibe-0.18.0-src\openvibe-0.18.0-src\local-tmp\visual\applications\examples\vrpn-to-openvibe\openvibe-examples-vrpn-to-openvibe.dir\Debug\custombuild.read.1.tlog
C:\openvibe-0.18.0-src\openvibe-0.18.0-src\local-tmp\visual\applications\examples\vrpn-to-openvibe\openvibe-examples-vrpn-to-openvibe.dir\Debug\custombuild.write.1.tlog
C:\OPENVIBE-0.18.0-SRC\OPENVIBE-0.18.0-SRC\LOCAL-TMP\VISUAL\APPLICATIONS\EXAMPLES\VRPN-TO-OPENVIBE\OPENVIBE-EXAMPLES-VRPN-TO-OPENVIBE.DIR\DEBUG\GENERICVRPNSERVER.OBJ
C:\openvibe-0.18.0-src\openvibe-0.18.0-src\local-tmp\visual\applications\examples\vrpn-to-openvibe\openvibe-examples-vrpn-to-openvibe.dir\Debug\link.2996.read.1.tlog
C:\openvibe-0.18.0-src\openvibe-0.18.0-src\local-tmp\visual\applications\examples\vrpn-to-openvibe\openvibe-examples-vrpn-to-openvibe.dir\Debug\link.2996.read.2.tlog
C:\openvibe-0.18.0-src\openvibe-0.18.0-src\local-tmp\visual\applications\examples\vrpn-to-openvibe\openvibe-examples-vrpn-to-openvibe.dir\Debug\link.2996.write.1.tlog
C:\openvibe-0.18.0-src\openvibe-0.18.0-src\local-tmp\visual\applications\examples\vrpn-to-openvibe\openvibe-examples-vrpn-to-openvibe.dir\Debug\link.2996-cvtres.read.1.tlog
C:\openvibe-0.18.0-src\openvibe-0.18.0-src\local-tmp\visual\applications\examples\vrpn-to-openvibe\openvibe-examples-vrpn-to-openvibe.dir\Debug\link.2996-cvtres.write.1.tlog
C:\openvibe-0.18.0-src\openvibe-0.18.0-src\local-tmp\visual\applications\examples\vrpn-to-openvibe\openvibe-examples-vrpn-to-openvibe.dir\Debug\link.4012.read.1.tlog
C:\openvibe-0.18.0-src\openvibe-0.18.0-src\local-tmp\visual\applications\examples\vrpn-to-openvibe\openvibe-examples-vrpn-to-openvibe.dir\Debug\link.4012.read.2.tlog
C:\openvibe-0.18.0-src\openvibe-0.18.0-src\local-tmp\visual\applications\examples\vrpn-to-openvibe\openvibe-examples-vrpn-to-openvibe.dir\Debug\link.4012.write.1.tlog
C:\openvibe-0.18.0-src\openvibe-0.18.0-src\local-tmp\visual\applications\examples\vrpn-to-openvibe\openvibe-examples-vrpn-to-openvibe.dir\Debug\link.4012-cvtres.read.1.tlog
C:\openvibe-0.18.0-src\openvibe-0.18.0-src\local-tmp\visual\applications\examples\vrpn-to-openvibe\openvibe-examples-vrpn-to-openvibe.dir\Debug\link.4012-cvtres.write.1.tlog
C:\openvibe-0.18.0-src\openvibe-0.18.0-src\local-tmp\visual\applications\examples\vrpn-to-openvibe\openvibe-examples-vrpn-to-openvibe.dir\Debug\link.8032.read.1.tlog
C:\openvibe-0.18.0-src\openvibe-0.18.0-src\local-tmp\visual\applications\examples\vrpn-to-openvibe\openvibe-examples-vrpn-to-openvibe.dir\Debug\link.8032.read.2.tlog
C:\openvibe-0.18.0-src\openvibe-0.18.0-src\local-tmp\visual\applications\examples\vrpn-to-openvibe\openvibe-examples-vrpn-to-openvibe.dir\Debug\link.8032.write.1.tlog
C:\openvibe-0.18.0-src\openvibe-0.18.0-src\local-tmp\visual\applications\examples\vrpn-to-openvibe\openvibe-examples-vrpn-to-openvibe.dir\Debug\link.8032-cvtres.read.1.tlog
C:\openvibe-0.18.0-src\openvibe-0.18.0-src\local-tmp\visual\applications\examples\vrpn-to-openvibe\openvibe-examples-vrpn-to-openvibe.dir\Debug\link.8032-cvtres.write.1.tlog
C:\openvibe-0.18.0-src\openvibe-0.18.0-src\local-tmp\visual\applications\examples\vrpn-to-openvibe\openvibe-examples-vrpn-to-openvibe.dir\Debug\link.command.1.tlog
C:\openvibe-0.18.0-src\openvibe-0.18.0-src\local-tmp\visual\applications\examples\vrpn-to-openvibe\openvibe-examples-vrpn-to-openvibe.dir\Debug\link.read.1.tlog
C:\openvibe-0.18.0-src\openvibe-0.18.0-src\local-tmp\visual\applications\examples\vrpn-to-openvibe\openvibe-examples-vrpn-to-openvibe.dir\Debug\link.read.2.tlog
C:\openvibe-0.18.0-src\openvibe-0.18.0-src\local-tmp\visual\applications\examples\vrpn-to-openvibe\openvibe-examples-vrpn-to-openvibe.dir\Debug\link.write.1.tlog
C:\openvibe-0.18.0-src\openvibe-0.18.0-src\local-tmp\visual\applications\examples\vrpn-to-openvibe\openvibe-examples-vrpn-to-openvibe.dir\Debug\link-cvtres.read.1.tlog
C:\openvibe-0.18.0-src\openvibe-0.18.0-src\local-tmp\visual\applications\examples\vrpn-to-openvibe\openvibe-examples-vrpn-to-openvibe.dir\Debug\link-cvtres.write.1.tlog
C:\OPENVIBE-0.18.0-SRC\OPENVIBE-0.18.0-SRC\LOCAL-TMP\VISUAL\APPLICATIONS\EXAMPLES\VRPN-TO-OPENVIBE\OPENVIBE-EXAMPLES-VRPN-TO-OPENVIBE.DIR\DEBUG\LINUX-VRPN_MAIN.OBJ
C:\openvibe-0.18.0-src\openvibe-0.18.0-src\local-tmp\visual\applications\examples\vrpn-to-openvibe\openvibe-examples-vrpn-to-openvibe.dir\Debug\mt.command.1.tlog
C:\openvibe-0.18.0-src\openvibe-0.18.0-src\local-tmp\visual\applications\examples\vrpn-to-openvibe\openvibe-examples-vrpn-to-openvibe.dir\Debug\mt.read.1.tlog
C:\openvibe-0.18.0-src\openvibe-0.18.0-src\local-tmp\visual\applications\examples\vrpn-to-openvibe\openvibe-examples-vrpn-to-openvibe.dir\Debug\mt.write.1.tlog
C:\OPENVIBE-0.18.0-SRC\OPENVIBE-0.18.0-SRC\LOCAL-TMP\VISUAL\APPLICATIONS\EXAMPLES\VRPN-TO-OPENVIBE\OPENVIBE-EXAMPLES-VRPN-TO-OPENVIBE.DIR\DEBUG\OPENVIBE-EXAMPLES-VRPN-TO-OPENVIBE.EXE.EMBED.MANIFEST
C:\OPENVIBE-0.18.0-SRC\OPENVIBE-0.18.0-SRC\LOCAL-TMP\VISUAL\APPLICATIONS\EXAMPLES\VRPN-TO-OPENVIBE\OPENVIBE-EXAMPLES-VRPN-TO-OPENVIBE.DIR\DEBUG\OPENVIBE-EXAMPLES-VRPN-TO-OPENVIBE.EXE.EMBED.MANIFEST.RES
C:\OPENVIBE-0.18.0-SRC\OPENVIBE-0.18.0-SRC\LOCAL-TMP\VISUAL\APPLICATIONS\EXAMPLES\VRPN-TO-OPENVIBE\OPENVIBE-EXAMPLES-VRPN-TO-OPENVIBE.DIR\DEBUG\OPENVIBE-EXAMPLES-VRPN-TO-OPENVIBE.EXE.INTERMEDIATE.MANIFEST
C:\openvibe-0.18.0-src\openvibe-0.18.0-src\local-tmp\visual\applications\examples\vrpn-to-openvibe\openvibe-examples-vrpn-to-openvibe.dir\Debug\openvibe-examples-vrpn-to-openvibe.vcxprojResolveAssemblyReference.cache
C:\openvibe-0.18.0-src\openvibe-0.18.0-src\local-tmp\visual\applications\examples\vrpn-to-openvibe\openvibe-examples-vrpn-to-openvibe.dir\Debug\openvibe-examples-vrpn-to-openvibe.write.1.tlog
C:\openvibe-0.18.0-src\openvibe-0.18.0-src\local-tmp\visual\applications\examples\vrpn-to-openvibe\openvibe-examples-vrpn-to-openvibe.dir\Debug\openvibe-examples-vrpn-to-openvibe_manifest.rc
C:\openvibe-0.18.0-src\openvibe-0.18.0-src\local-tmp\visual\applications\examples\vrpn-to-openvibe\openvibe-examples-vrpn-to-openvibe.dir\Debug\rc.command.1.tlog
C:\openvibe-0.18.0-src\openvibe-0.18.0-src\local-tmp\visual\applications\examples\vrpn-to-openvibe\openvibe-examples-vrpn-to-openvibe.dir\Debug\rc.read.1.tlog
C:\openvibe-0.18.0-src\openvibe-0.18.0-src\local-tmp\visual\applications\examples\vrpn-to-openvibe\openvibe-examples-vrpn-to-openvibe.dir\Debug\rc.write.1.tlog
C:\OPENVIBE-0.18.0-SRC\OPENVIBE-0.18.0-SRC\LOCAL-TMP\VISUAL\APPLICATIONS\EXAMPLES\VRPN-TO-OPENVIBE\OPENVIBE-EXAMPLES-VRPN-TO-OPENVIBE.DIR\DEBUG\SERVER.EXE.EMBED.MANIFEST
C:\OPENVIBE-0.18.0-SRC\OPENVIBE-0.18.0-SRC\LOCAL-TMP\VISUAL\APPLICATIONS\EXAMPLES\VRPN-TO-OPENVIBE\OPENVIBE-EXAMPLES-VRPN-TO-OPENVIBE.DIR\DEBUG\SERVER.EXE.EMBED.MANIFEST.RES
C:\openvibe-0.18.0-src\openvibe-0.18.0-src\local-tmp\visual\applications\examples\vrpn-to-openvibe\openvibe-examples-vrpn-to-openvibe.dir\Debug\Server.exe.intermediate.manifest
C:\openvibe-0.18.0-src\openvibe-0.18.0-src\local-tmp\visual\applications\examples\vrpn-to-openvibe\openvibe-examples-vrpn-to-openvibe.dir\Debug\Server_manifest.rc
C:\OPENVIBE-0.18.0-SRC\OPENVIBE-0.18.0-SRC\LOCAL-TMP\VISUAL\APPLICATIONS\EXAMPLES\VRPN-TO-OPENVIBE\OPENVIBE-EXAMPLES-VRPN-TO-OPENVIBE.DIR\DEBUG\WIN32-VRPN_MAIN.OBJ
